<?xml version="1.0" encoding="UTF-8"?>
<testsuite name="com.bridgelabz.AddressBookTest" tests="1" skipped="0" failures="0" errors="0" timestamp="2021-04-20T01:11:01" hostname="DESKTOP-011U31P" time="0.138">
  <properties/>
  <testcase name="given_contact_when_delete_shouldReturn_true()" classname="com.bridgelabz.AddressBookTest" time="0.138"/>
  <system-out><![CDATA[Contact deleted with name : Vinit
]]></system-out>
  <system-err><![CDATA[]]></system-err>
</testsuite>
