<?xml version="1.0" encoding="UTF-8"?>
<testsuite name="com.bridgelabz.AddressBookTest" tests="1" skipped="0" failures="0" errors="0" timestamp="2021-04-19T06:08:54" hostname="DESKTOP-011U31P" time="0.033">
  <properties/>
  <testcase name="given_contact_when_addedTo_addressbook_shouldReturn_true()" classname="com.bridgelabz.AddressBookTest" time="0.033"/>
  <system-out><![CDATA[]]></system-out>
  <system-err><![CDATA[]]></system-err>
</testsuite>
